========= COMPUTE-SANITIZER
========= Error: Failed to initialize WDDM debugger interface. Please run EnableDebuggerInterface.bat as an administrator
========= 
========= Error: Device not supported. Please refer to the "Supported Devices" section of the sanitizer documentation
========= 
✅ Morton stream-compaction demo
🧭 Settings → N=50000, seed=fixed, mode=bin, variant=partition, kernel=shared, k=8, CPU=on, GPU=on
***************************************************
Found 1 CUDA-enabled devices
========================= IDENTITY DATA ==================================
GPU model name: NVIDIA GeForce RTX 4060 Laptop GPU
GPU The device is NOT an integrated (motherboard) GPU - i.e. it is a discrete device
GPU pciBusID: 1
GPU pciDeviceID: 0
GPU pciDomainID: 0
the device is NOT a Tesla one using TCC driver
========================= COMPUTE DATA ==================================
GPU Compute capability: 8.9
GPU Clock frequency in hertzs: 1890000
GPU Device can concurrently copy memory and execute a kernel: 1
GPU number of multi-processors: 24
GPU maximum number of threads per multi-processor: 1536
GPU Maximum size of each dimension of a grid: 2147483647x65535x65535
GPU Maximum size of each dimension of a block: 1024x1024x64
GPU Maximum number of threads per block: 1024
GPU Maximum pitch in bytes allowed by memory copies: 2147483647
GPU Compute mode is: 0
========================= MEMORY DATA ==================================
GPU total global memory: 8585216000 bytes
GPU peak memory clock frequency in kilohertz: 8001000 bytes
GPU memory bus width: 128 bits
GPU L2 cache size: 33554432 bytes
GPU 32-bit registers available per block: 65536
GPU Shared memory available per block in bytes: 49152
GPU Alignment requirement for textures: 512
GPU Constant memory available on device in bytes: 65536
GPU Warp size in threads: 32
GPU maximum 1D texture size: 131072
GPU maximum 2D texture size: 131072 x 65536
GPU maximum 3D texture size: 16384 x 16384 x 16384
GPU maximum 1D layered texture dimensions: 32768 x 2048
GPU maximum 2D layered texture dimensions: 32768 x 32768 x 2048
GPU surface alignment: 512
GPU The device can map host memory into the CUDA address space
GPU memory does not have ECC support
GPU The device DOES NOT share an unified address space with the host
========================= EXECUTION DATA ==================================
GPU Concurrent kernels are allowed
GPU There is a run time limit for kernels executed in the device
GPU The device can concurrently copy memory between host and device while executing a kernel
Choosing NVIDIA GeForce RTX 4060 Laptop GPU
***************************************************
🌐 🔵 Generated Points (50000 points):
  (0.00, 0.00)  V=(-3.19, -3.38)  Temp=11.47
  (1.00, 0.00)  V=(-4.75, 2.25)  Temp=27.05
  (2.00, 0.00)  V=(-3.75, -4.11)  Temp=20.21
  (3.00, 0.00)  V=(0.91, -1.41)  Temp=34.37
  (4.00, 0.00)  V=(-3.15, 3.19)  Temp=33.65
  (5.00, 0.00)  V=(0.99, 2.68)  Temp=20.22
  (6.00, 0.00)  V=(-3.00, -2.99)  Temp=16.18
  (7.00, 0.00)  V=(-3.13, -4.88)  Temp=38.04
  (8.00, 0.00)  V=(-1.02, -3.54)  Temp=37.46
  (9.00, 0.00)  V=(1.99, 4.48)  Temp=35.85
  ... [Showing first 10 of total 50000 points]

🌐 🌀 Points After Morton Sorting (50000 points):
  (0.00, 0.00)  V=(-3.19, -3.38)  Temp=11.47
  (1.00, 0.00)  V=(-4.75, 2.25)  Temp=27.05
  (0.00, 1.00)  V=(0.38, 4.73)  Temp=18.10
  (1.00, 1.00)  V=(2.26, 2.93)  Temp=15.87
  (2.00, 0.00)  V=(-3.75, -4.11)  Temp=20.21
  (3.00, 0.00)  V=(0.91, -1.41)  Temp=34.37
  (2.00, 1.00)  V=(0.31, -1.30)  Temp=14.30
  (3.00, 1.00)  V=(-2.77, 2.91)  Temp=12.17
  (0.00, 2.00)  V=(4.10, 4.99)  Temp=10.86
  (1.00, 2.00)  V=(-1.62, -1.46)  Temp=36.49
  ... [Showing first 10 of total 50000 points]

👉 CPU manual  : 16843 pts
👉 Thrust CPU  : 16843 pts
👉 Thrust GPU  : 16843 pts
👉 Bin GPU(k=8) [partition/shared] : 16843 pts, kernel 0.08 ms, total 28.07 ms
🌐 ✅ Bin GPU Compacted (16843 points):
  (80.00, 80.00)  V=(-1.79, -2.44)  Temp=32.74
  (16.00, 64.00)  V=(-0.28, 4.82)  Temp=36.37
  (16.00, 16.00)  V=(0.20, 1.04)  Temp=30.86
  (176.00, 0.00)  V=(2.70, -1.19)  Temp=31.03
  (0.00, 112.00)  V=(3.17, -1.69)  Temp=33.78
  (80.00, 64.00)  V=(0.34, 2.03)  Temp=34.91
  (0.00, 48.00)  V=(4.53, 4.12)  Temp=34.60
  (96.00, 16.00)  V=(4.65, -4.72)  Temp=39.54
  (32.00, 32.00)  V=(4.15, 1.07)  Temp=34.03
  (32.00, 0.00)  V=(1.53, 1.69)  Temp=38.46
  ... [Showing first 10 of total 16843 points]

========= ERROR SUMMARY: 2 errors
